<?xml version="1.0" encoding="UTF-8"?>
<!-- Generated by org.testng.reporters.JUnitReportReporter -->
<testsuite hostname="DESKTOP-S2EL361" failures="0" tests="1" name="practice.WrittingDatainExcel" time="68.849" errors="0" timestamp="2023-07-08T00:06:50 IST" skipped="0">
  <testcase classname="practice.WrittingDatainExcel" name="writeData" time="68.849"/>
</testsuite> <!-- practice.WrittingDatainExcel -->
