<?xml version="1.0" encoding="UTF-8"?>
<!-- Generated by org.testng.reporters.JUnitReportReporter -->
<testsuite hostname="DESKTOP-K94E1RG" failures="0" tests="3" name="firsttestng.NewTest2" time="0.009" errors="0" timestamp="2023-06-19T21:27:06 IST" skipped="0">
  <testcase classname="firsttestng.NewTest2" name="test2" time="0.003"/>
  <testcase classname="firsttestng.NewTest2" name="test1" time="0.004"/>
  <testcase classname="firsttestng.NewTest2" name="test3" time="0.002"/>
</testsuite> <!-- firsttestng.NewTest2 -->
