<?xml version="1.0" encoding="UTF-8"?>
<!-- Generated by org.testng.reporters.JUnitReportReporter -->
<testsuite hostname="DESKTOP-S2EL361" failures="0" tests="1" name="practice.ReadingDataFromExcel" time="1.202" errors="0" timestamp="2023-07-07T23:42:35 IST" skipped="0">
  <testcase classname="practice.ReadingDataFromExcel" name="readData" time="1.202"/>
</testsuite> <!-- practice.ReadingDataFromExcel -->
