<?xml version="1.0" encoding="UTF-8"?>
<!-- Generated by org.testng.reporters.JUnitReportReporter -->
<testsuite hostname="DESKTOP-K94E1RG" failures="0" tests="2" name="testNGPractice.NewTest1" time="21.859" errors="0" timestamp="2023-06-19T23:55:05 IST" skipped="0">
  <testcase classname="testNGPractice.NewTest1" name="openapp" time="21.638"/>
  <testcase classname="testNGPractice.NewTest1" name="logout" time="0.221"/>
</testsuite> <!-- testNGPractice.NewTest1 -->
