<?xml version="1.0" encoding="UTF-8"?>
<!-- Generated by org.testng.reporters.JUnitReportReporter -->
<testsuite hostname="DESKTOP-S2EL361" failures="0" tests="1" name="practice.javascriptexecutorpractice" time="0.196" errors="0" timestamp="2023-07-07T22:38:13 IST" skipped="0">
  <testcase classname="practice.javascriptexecutorpractice" name="test" time="0.196"/>
</testsuite> <!-- practice.javascriptexecutorpractice -->
