<?xml version="1.0" encoding="UTF-8"?>
<!-- Generated by org.testng.reporters.JUnitReportReporter -->
<testsuite hostname="DESKTOP-K94E1RG" failures="0" tests="3" name="firsttestng.NewTest1" time="7.927" errors="0" timestamp="2023-06-19T21:27:06 IST" skipped="0">
  <testcase classname="firsttestng.NewTest1" name="openapp" time="6.123"/>
  <testcase classname="firsttestng.NewTest1" name="login" time="1.644"/>
  <testcase classname="firsttestng.NewTest1" name="logout" time="0.160"/>
</testsuite> <!-- firsttestng.NewTest1 -->
