<?xml version="1.0" encoding="UTF-8"?>
<!-- Generated by org.testng.reporters.JUnitReportReporter -->
<testsuite hostname="DESKTOP-S2EL361" failures="0" tests="2" name="pageObjectclassTwoapproach.logintest" time="6.605" errors="0" timestamp="2023-06-25T16:49:13 PDT" skipped="0">
  <testcase classname="pageObjectclassTwoapproach.logintest" name="testlogo" time="5.135"/>
  <testcase classname="pageObjectclassTwoapproach.logintest" name="testlogin" time="1.470"/>
</testsuite> <!-- pageObjectclassTwoapproach.logintest -->
