<?xml version="1.0" encoding="UTF-8"?>
<!-- Generated by org.testng.reporters.JUnitReportReporter -->
<testsuite hostname="DESKTOP-S2EL361" failures="0" tests="1" name="practice.tripadviser" time="17.522" errors="0" timestamp="2023-07-14T00:56:39 IST" skipped="0">
  <testcase classname="practice.tripadviser" name="giveReview" time="17.522"/>
</testsuite> <!-- practice.tripadviser -->
