<?xml version="1.0" encoding="UTF-8"?>
<!-- Generated by org.testng.reporters.JUnitReportReporter -->
<testsuite hostname="DESKTOP-K94E1RG" failures="0" tests="1" name="testNGPractice.NewTest2" time="0.005" errors="0" timestamp="2023-06-19T23:55:05 IST" skipped="0">
  <testcase classname="testNGPractice.NewTest2" name="test3" time="0.005"/>
</testsuite> <!-- testNGPractice.NewTest2 -->
