<?xml version="1.0" encoding="UTF-8"?>
<!-- Generated by org.testng.reporters.JUnitReportReporter -->
<testsuite hostname="DESKTOP-S2EL361" failures="0" tests="1" name="practice.screenshotGet" time="0.316" errors="0" timestamp="2023-07-07T23:00:10 IST" skipped="0">
  <testcase classname="practice.screenshotGet" name="test" time="0.316"/>
</testsuite> <!-- practice.screenshotGet -->
